Using pre-set license
Built from '2021.3/staging' branch; Version is '2021.3.21f1 (1b156197d683) revision 1774945'; Using compiler version '192829333'; Build Type 'Release'
OS: 'Windows 11  (10.0.22621) 64bit Core' Language: 'en' Physical Memory: 16151 MB
BatchMode: 1, IsHumanControllingUs: 0, StartBugReporterOnCrash: 0, Is64bit: 1, IsPro: 1

COMMAND LINE ARGUMENTS:
C:\Program Files\Unity 2021.3.21f1\Editor\Unity.exe
-adb2
-batchMode
-noUpm
-name
AssetImportWorker0
-projectPath
C:/Users/porat/OneDrive/Documents/Lital/repositories/ReturnToTheFuture
-logFile
Logs/AssetImportWorker0.log
-srvPort
58275
Successfully changed project path to: C:/Users/porat/OneDrive/Documents/Lital/repositories/ReturnToTheFuture
C:/Users/porat/OneDrive/Documents/Lital/repositories/ReturnToTheFuture
[UnityMemory] Configuration Parameters - Can be set up in boot.config
    "memorysetup-bucket-allocator-granularity=16"
    "memorysetup-bucket-allocator-bucket-count=8"
    "memorysetup-bucket-allocator-block-size=33554432"
    "memorysetup-bucket-allocator-block-count=8"
    "memorysetup-main-allocator-block-size=16777216"
    "memorysetup-thread-allocator-block-size=16777216"
    "memorysetup-gfx-main-allocator-block-size=16777216"
    "memorysetup-gfx-thread-allocator-block-size=16777216"
    "memorysetup-cache-allocator-block-size=4194304"
    "memorysetup-typetree-allocator-block-size=2097152"
    "memorysetup-profiler-bucket-allocator-granularity=16"
    "memorysetup-profiler-bucket-allocator-bucket-count=8"
    "memorysetup-profiler-bucket-allocator-block-size=33554432"
    "memorysetup-profiler-bucket-allocator-block-count=8"
    "memorysetup-profiler-allocator-block-size=16777216"
    "memorysetup-profiler-editor-allocator-block-size=1048576"
    "memorysetup-temp-allocator-size-main=16777216"
    "memorysetup-job-temp-allocator-block-size=2097152"
    "memorysetup-job-temp-allocator-block-size-background=1048576"
    "memorysetup-job-temp-allocator-reduction-small-platforms=262144"
    "memorysetup-temp-allocator-size-background-worker=32768"
    "memorysetup-temp-allocator-size-job-worker=262144"
    "memorysetup-temp-allocator-size-preload-manager=33554432"
    "memorysetup-temp-allocator-size-nav-mesh-worker=65536"
    "memorysetup-temp-allocator-size-audio-worker=65536"
    "memorysetup-temp-allocator-size-cloud-worker=32768"
    "memorysetup-temp-allocator-size-gi-baking-worker=262144"
    "memorysetup-temp-allocator-size-gfx=262144"
Player connection [22536] Host "[IP] 10.0.0.3 [Port] 0 [Flags] 2 [Guid] 1533184670 [EditorId] 1533184670 [Version] 1048832 [Id] WindowsEditor(7,DESKTOP-UTMU51B) [Debug] 1 [PackageName] WindowsEditor [ProjectName] Editor" joined multi-casting on [225.0.0.222:54997]...

Player connection [22536] Host "[IP] 10.0.0.3 [Port] 0 [Flags] 2 [Guid] 1533184670 [EditorId] 1533184670 [Version] 1048832 [Id] WindowsEditor(7,DESKTOP-UTMU51B) [Debug] 1 [PackageName] WindowsEditor [ProjectName] Editor" joined alternative multi-casting on [225.0.0.222:34997]...

Refreshing native plugins compatible for Editor in 120.45 ms, found 5 plugins.
Preloading 0 native plugins for Editor in 0.00 ms.
Initialize engine version: 2021.3.21f1 (1b156197d683)
[Subsystems] Discovering subsystems at path C:/Program Files/Unity 2021.3.21f1/Editor/Data/Resources/UnitySubsystems
[Subsystems] Discovering subsystems at path C:/Users/porat/OneDrive/Documents/Lital/repositories/ReturnToTheFuture/Assets
GfxDevice: creating device client; threaded=0; jobified=0
Direct3D:
    Version:  Direct3D 11.0 [level 11.1]
    Renderer: Intel(R) Iris(R) Plus Graphics (ID=0x8a52)
    Vendor:   Intel
    VRAM:     8075 MB
    Driver:   27.20.100.9664
Initialize mono
Mono path[0] = 'C:/Program Files/Unity 2021.3.21f1/Editor/Data/Managed'
Mono path[1] = 'C:/Program Files/Unity 2021.3.21f1/Editor/Data/MonoBleedingEdge/lib/mono/unityjit-win32'
Mono config path = 'C:/Program Files/Unity 2021.3.21f1/Editor/Data/MonoBleedingEdge/etc'
Using monoOptions --debugger-agent=transport=dt_socket,embedding=1,server=y,suspend=n,address=127.0.0.1:56256
Begin MonoManager ReloadAssembly
Registering precompiled unity dll's ...
Register platform support module: C:/Program Files/Unity 2021.3.21f1/Editor/Data/PlaybackEngines/WindowsStandaloneSupport/UnityEditor.WindowsStandalone.Extensions.dll
Registered in 0.005071 seconds.
Native extension for WindowsStandalone target not found
Refreshing native plugins compatible for Editor in 118.02 ms, found 5 plugins.
Preloading 0 native plugins for Editor in 0.00 ms.
Mono: successfully reloaded assembly
- Completed reload, in  0.924 seconds
Domain Reload Profiling:
	ReloadAssembly (925ms)
		BeginReloadAssembly (106ms)
			ExecutionOrderSort (0ms)
			DisableScriptedObjects (0ms)
			BackupInstance (0ms)
			ReleaseScriptingObjects (0ms)
			CreateAndSetChildDomain (1ms)
		EndReloadAssembly (703ms)
			LoadAssemblies (104ms)
			RebuildTransferFunctionScriptingTraits (0ms)
			SetupTypeCache (129ms)
			ReleaseScriptCaches (0ms)
			RebuildScriptCaches (77ms)
			SetupLoadedEditorAssemblies (423ms)
				LogAssemblyErrors (0ms)
				InitializePlatformSupportModulesInManaged (15ms)
				SetLoadedEditorAssemblies (0ms)
				RefreshPlugins (118ms)
				BeforeProcessingInitializeOnLoad (2ms)
				ProcessInitializeOnLoadAttributes (232ms)
				ProcessInitializeOnLoadMethodAttributes (55ms)
				AfterProcessingInitializeOnLoad (0ms)
				EditorAssembliesLoaded (0ms)
			ExecutionOrderSort2 (0ms)
			AwakeInstancesAfterBackupRestoration (0ms)
Platform modules already initialized, skipping
Registering precompiled user dll's ...
Registered in 0.006377 seconds.
Begin MonoManager ReloadAssembly
Symbol file LoadedFromMemory doesn't match image C:\Users\porat\OneDrive\Documents\Lital\repositories\ReturnToTheFuture\Library\PackageCache\com.unity.visualscripting@1.8.0\Editor\VisualScripting.Core\Dependencies\YamlDotNet\Unity.VisualScripting.YamlDotNet.dll
Symbol file LoadedFromMemory doesn't match image C:\Users\porat\OneDrive\Documents\Lital\repositories\ReturnToTheFuture\Library\PackageCache\com.unity.visualscripting@1.8.0\Editor\VisualScripting.Core\Dependencies\DotNetZip\Unity.VisualScripting.IonicZip.dll
Native extension for WindowsStandalone target not found
Refreshing native plugins compatible for Editor in 0.66 ms, found 5 plugins.
Preloading 0 native plugins for Editor in 0.00 ms.
Mono: successfully reloaded assembly
- Completed reload, in  1.406 seconds
Domain Reload Profiling:
	ReloadAssembly (1407ms)
		BeginReloadAssembly (219ms)
			ExecutionOrderSort (0ms)
			DisableScriptedObjects (6ms)
			BackupInstance (0ms)
			ReleaseScriptingObjects (0ms)
			CreateAndSetChildDomain (34ms)
		EndReloadAssembly (1016ms)
			LoadAssemblies (108ms)
			RebuildTransferFunctionScriptingTraits (0ms)
			SetupTypeCache (347ms)
			ReleaseScriptCaches (1ms)
			RebuildScriptCaches (70ms)
			SetupLoadedEditorAssemblies (447ms)
				LogAssemblyErrors (0ms)
				InitializePlatformSupportModulesInManaged (6ms)
				SetLoadedEditorAssemblies (1ms)
				RefreshPlugins (1ms)
				BeforeProcessingInitializeOnLoad (103ms)
				ProcessInitializeOnLoadAttributes (302ms)
				ProcessInitializeOnLoadMethodAttributes (24ms)
				AfterProcessingInitializeOnLoad (10ms)
				EditorAssembliesLoaded (0ms)
			ExecutionOrderSort2 (0ms)
			AwakeInstancesAfterBackupRestoration (10ms)
Platform modules already initialized, skipping
========================================================================
Worker process is ready to serve import requests
Launched and connected shader compiler UnityShaderCompiler.exe after 0.06 seconds
Refreshing native plugins compatible for Editor in 0.79 ms, found 5 plugins.
Preloading 0 native plugins for Editor in 0.00 ms.
Unloading 3497 Unused Serialized files (Serialized files now loaded: 0)
Unloading 52 unused Assets / (1.4 MB). Loaded Objects now: 3965.
Memory consumption went from 144.9 MB to 143.5 MB.
Total: 4.507000 ms (FindLiveObjects: 0.495700 ms CreateObjectMapping: 0.321200 ms MarkObjects: 3.346500 ms  DeleteObjects: 0.341100 ms)

AssetImportParameters requested are different than current active one (requested -> active):
  custom:video-decoder-ogg-theora: a1e56fd34408186e4bbccfd4996cb3dc -> 
  custom:container-muxer-webm: aa71ff27fc2769a1b78a27578f13a17b -> 
  custom:container-demuxer-webm: 4f35f7cbe854078d1ac9338744f61a02 -> 
  custom:video-encoder-webm-vp8: eb34c28f22e8b96e1ab97ce403110664 -> 
  custom:video-codec-MediaFoundation-h265: 746d11721c4dcdbdad8f713fa42b33f4 -> 
  custom:audio-encoder-webm-vorbis: bf7c407c2cedff20999df2af8eb42d56 -> 
  custom:framework-win-MediaFoundation: 216162199b28c13a410421893ffa2e32 -> 
  custom:container-demuxer-ogg: 62fdf1f143b41e24485cea50d1cbac27 -> 
  custom:video-decoder-webm-vp8: 9c59270c3fd7afecdb556c50c9e8de78 -> 
  custom:audio-decoder-ogg-vorbis: bf7c407c2cedff20999df2af8eb42d56 -> 
========================================================================
Received Import Request.
  Time since last request: 498791.559260 seconds.
  path: Assets/shootme.png
  artifactKey: Guid(6fa3953d9e22b3642a284e939da6046a) Importer(815301076,1909f56bfc062723c751e8b465ee728b)
Start importing Assets/shootme.png using Guid(6fa3953d9e22b3642a284e939da6046a) Importer(815301076,1909f56bfc062723c751e8b465ee728b)  -> (artifact id: 'ce3f3a1f739dcd9c8957d635d7e9955e') in 0.117917 seconds 
========================================================================
Received Import Request.
  Time since last request: 95.590881 seconds.
  path: Assets/New Material.mat
  artifactKey: Guid(53344bb78bb74b84ca194709925e698d) Importer(815301076,1909f56bfc062723c751e8b465ee728b)
Start importing Assets/New Material.mat using Guid(53344bb78bb74b84ca194709925e698d) Importer(815301076,1909f56bfc062723c751e8b465ee728b)  -> (artifact id: 'ee8d20374ebc9117d26f3078cc2b6662') in 0.108267 seconds 
========================================================================
Received Import Request.
  Time since last request: 138.414476 seconds.
  path: Assets/ShootMeCube.prefab
  artifactKey: Guid(73613cb5bc8175542bbc232fbb14c201) Importer(815301076,1909f56bfc062723c751e8b465ee728b)
Start importing Assets/ShootMeCube.prefab using Guid(73613cb5bc8175542bbc232fbb14c201) Importer(815301076,1909f56bfc062723c751e8b465ee728b)  -> (artifact id: 'da31cc346b7bafd94f11cbbb822d8229') in 0.045439 seconds 
========================================================================
Received Import Request.
  Time since last request: 444.436290 seconds.
  path: Assets/Materials/shootme.mat
  artifactKey: Guid(d457cac6d399fdc4fb98b7a4e5297e38) Importer(815301076,1909f56bfc062723c751e8b465ee728b)
Start importing Assets/Materials/shootme.mat using Guid(d457cac6d399fdc4fb98b7a4e5297e38) Importer(815301076,1909f56bfc062723c751e8b465ee728b)  -> (artifact id: '41c50795a38d47942b86c12960756e86') in 0.043313 seconds 
========================================================================
Received Import Request.
  Time since last request: 337.074115 seconds.
  path: Assets/ShootMeCube.prefab
  artifactKey: Guid(73613cb5bc8175542bbc232fbb14c201) Importer(815301076,1909f56bfc062723c751e8b465ee728b)
Start importing Assets/ShootMeCube.prefab using Guid(73613cb5bc8175542bbc232fbb14c201) Importer(815301076,1909f56bfc062723c751e8b465ee728b)  -> (artifact id: '9373ce421b0242df5c09ea2901d3234a') in 0.027856 seconds 
========================================================================
Received Import Request.
  Time since last request: 510.687902 seconds.
  path: Assets/Cube.prefab
  artifactKey: Guid(9dfc7751bdc349e4ebac6abd202e98a8) Importer(815301076,1909f56bfc062723c751e8b465ee728b)
Start importing Assets/Cube.prefab using Guid(9dfc7751bdc349e4ebac6abd202e98a8) Importer(815301076,1909f56bfc062723c751e8b465ee728b)  -> (artifact id: 'e0027797028bda20af450116da6ffa0a') in 0.028873 seconds 
========================================================================
Received Import Request.
  Time since last request: 0.125823 seconds.
  path: Assets/ShootMeCube.prefab
  artifactKey: Guid(73613cb5bc8175542bbc232fbb14c201) Importer(815301076,1909f56bfc062723c751e8b465ee728b)
Start importing Assets/ShootMeCube.prefab using Guid(73613cb5bc8175542bbc232fbb14c201) Importer(815301076,1909f56bfc062723c751e8b465ee728b)  -> (artifact id: 'c54a6e57020deca32520b450cc2a474f') in 0.029564 seconds 
========================================================================
Received Import Request.
  Time since last request: 230.814415 seconds.
  path: Assets/ExplodeCube.prefab
  artifactKey: Guid(4a207e2fdc7c44641943f50e81e1d1ff) Importer(815301076,1909f56bfc062723c751e8b465ee728b)
Start importing Assets/ExplodeCube.prefab using Guid(4a207e2fdc7c44641943f50e81e1d1ff) Importer(815301076,1909f56bfc062723c751e8b465ee728b)  -> (artifact id: '26da366768a27f858241ad3aaf19b50c') in 0.055154 seconds 
========================================================================
Received Import Request.
  Time since last request: 21.025119 seconds.
  path: Assets/ShootCube.prefab
  artifactKey: Guid(9dfc7751bdc349e4ebac6abd202e98a8) Importer(815301076,1909f56bfc062723c751e8b465ee728b)
Start importing Assets/ShootCube.prefab using Guid(9dfc7751bdc349e4ebac6abd202e98a8) Importer(815301076,1909f56bfc062723c751e8b465ee728b)  -> (artifact id: '70dfdc908d10007396ab620c3952ba3c') in 0.026767 seconds 
========================================================================
Received Prepare
Registering precompiled user dll's ...
Registered in 0.011508 seconds.
Begin MonoManager ReloadAssembly
Symbol file LoadedFromMemory doesn't match image C:\Users\porat\OneDrive\Documents\Lital\repositories\ReturnToTheFuture\Library\PackageCache\com.unity.visualscripting@1.8.0\Editor\VisualScripting.Core\Dependencies\YamlDotNet\Unity.VisualScripting.YamlDotNet.dll
Symbol file LoadedFromMemory doesn't match image C:\Users\porat\OneDrive\Documents\Lital\repositories\ReturnToTheFuture\Library\PackageCache\com.unity.visualscripting@1.8.0\Editor\VisualScripting.Core\Dependencies\DotNetZip\Unity.VisualScripting.IonicZip.dll
Native extension for WindowsStandalone target not found
Refreshing native plugins compatible for Editor in 0.60 ms, found 5 plugins.
Preloading 0 native plugins for Editor in 0.00 ms.
Mono: successfully reloaded assembly
- Completed reload, in  1.355 seconds
Domain Reload Profiling:
	ReloadAssembly (1356ms)
		BeginReloadAssembly (251ms)
			ExecutionOrderSort (0ms)
			DisableScriptedObjects (4ms)
			BackupInstance (0ms)
			ReleaseScriptingObjects (0ms)
			CreateAndSetChildDomain (92ms)
		EndReloadAssembly (996ms)
			LoadAssemblies (143ms)
			RebuildTransferFunctionScriptingTraits (0ms)
			SetupTypeCache (372ms)
			ReleaseScriptCaches (2ms)
			RebuildScriptCaches (54ms)
			SetupLoadedEditorAssemblies (402ms)
				LogAssemblyErrors (0ms)
				InitializePlatformSupportModulesInManaged (6ms)
				SetLoadedEditorAssemblies (1ms)
				RefreshPlugins (1ms)
				BeforeProcessingInitializeOnLoad (82ms)
				ProcessInitializeOnLoadAttributes (280ms)
				ProcessInitializeOnLoadMethodAttributes (24ms)
				AfterProcessingInitializeOnLoad (9ms)
				EditorAssembliesLoaded (0ms)
			ExecutionOrderSort2 (0ms)
			AwakeInstancesAfterBackupRestoration (9ms)
Platform modules already initialized, skipping
Refreshing native plugins compatible for Editor in 2.54 ms, found 5 plugins.
Preloading 0 native plugins for Editor in 0.00 ms.
Unloading 3445 Unused Serialized files (Serialized files now loaded: 0)
Unloading 33 unused Assets / (1.4 MB). Loaded Objects now: 4028.
Memory consumption went from 144.6 MB to 143.2 MB.
Total: 3.246000 ms (FindLiveObjects: 0.267300 ms CreateObjectMapping: 0.142800 ms MarkObjects: 2.534200 ms  DeleteObjects: 0.300500 ms)

AssetImportParameters requested are different than current active one (requested -> active):
  custom:video-decoder-ogg-theora: a1e56fd34408186e4bbccfd4996cb3dc -> 
  custom:container-muxer-webm: aa71ff27fc2769a1b78a27578f13a17b -> 
  custom:container-demuxer-webm: 4f35f7cbe854078d1ac9338744f61a02 -> 
  custom:video-encoder-webm-vp8: eb34c28f22e8b96e1ab97ce403110664 -> 
  custom:video-codec-MediaFoundation-h265: 746d11721c4dcdbdad8f713fa42b33f4 -> 
  custom:audio-encoder-webm-vorbis: bf7c407c2cedff20999df2af8eb42d56 -> 
  custom:framework-win-MediaFoundation: 216162199b28c13a410421893ffa2e32 -> 
  custom:container-demuxer-ogg: 62fdf1f143b41e24485cea50d1cbac27 -> 
  custom:video-decoder-webm-vp8: 9c59270c3fd7afecdb556c50c9e8de78 -> 
  custom:audio-decoder-ogg-vorbis: bf7c407c2cedff20999df2af8eb42d56 -> 
========================================================================
Received Import Request.
  Time since last request: 953.985876 seconds.
  path: Assets/ExplodeCube.prefab
  artifactKey: Guid(4a207e2fdc7c44641943f50e81e1d1ff) Importer(815301076,1909f56bfc062723c751e8b465ee728b)
Start importing Assets/ExplodeCube.prefab using Guid(4a207e2fdc7c44641943f50e81e1d1ff) Importer(815301076,1909f56bfc062723c751e8b465ee728b)  -> (artifact id: 'e5e3953a03bd6c7724f355346d7cb19c') in 0.072036 seconds 
========================================================================
Received Import Request.
  Time since last request: 9.814723 seconds.
  path: Assets/ExplodeCube.prefab
  artifactKey: Guid(4a207e2fdc7c44641943f50e81e1d1ff) Importer(815301076,1909f56bfc062723c751e8b465ee728b)
Start importing Assets/ExplodeCube.prefab using Guid(4a207e2fdc7c44641943f50e81e1d1ff) Importer(815301076,1909f56bfc062723c751e8b465ee728b)  -> (artifact id: 'dcb2538b8cb4edb8f276e44dbc07ead0') in 0.025047 seconds 
========================================================================
Received Prepare
Registering precompiled user dll's ...
Registered in 0.009971 seconds.
Begin MonoManager ReloadAssembly
Symbol file LoadedFromMemory doesn't match image C:\Users\porat\OneDrive\Documents\Lital\repositories\ReturnToTheFuture\Library\PackageCache\com.unity.visualscripting@1.8.0\Editor\VisualScripting.Core\Dependencies\YamlDotNet\Unity.VisualScripting.YamlDotNet.dll
Symbol file LoadedFromMemory doesn't match image C:\Users\porat\OneDrive\Documents\Lital\repositories\ReturnToTheFuture\Library\PackageCache\com.unity.visualscripting@1.8.0\Editor\VisualScripting.Core\Dependencies\DotNetZip\Unity.VisualScripting.IonicZip.dll
Native extension for WindowsStandalone target not found
Refreshing native plugins compatible for Editor in 2.75 ms, found 5 plugins.
Preloading 0 native plugins for Editor in 0.00 ms.
Mono: successfully reloaded assembly
- Completed reload, in  2.778 seconds
Domain Reload Profiling:
	ReloadAssembly (2779ms)
		BeginReloadAssembly (228ms)
			ExecutionOrderSort (0ms)
			DisableScriptedObjects (8ms)
			BackupInstance (0ms)
			ReleaseScriptingObjects (0ms)
			CreateAndSetChildDomain (60ms)
		EndReloadAssembly (2240ms)
			LoadAssemblies (211ms)
			RebuildTransferFunctionScriptingTraits (0ms)
			SetupTypeCache (816ms)
			ReleaseScriptCaches (5ms)
			RebuildScriptCaches (153ms)
			SetupLoadedEditorAssemblies (890ms)
				LogAssemblyErrors (0ms)
				InitializePlatformSupportModulesInManaged (15ms)
				SetLoadedEditorAssemblies (1ms)
				RefreshPlugins (3ms)
				BeforeProcessingInitializeOnLoad (175ms)
				ProcessInitializeOnLoadAttributes (629ms)
				ProcessInitializeOnLoadMethodAttributes (47ms)
				AfterProcessingInitializeOnLoad (19ms)
				EditorAssembliesLoaded (0ms)
			ExecutionOrderSort2 (0ms)
			AwakeInstancesAfterBackupRestoration (17ms)
Platform modules already initialized, skipping
Refreshing native plugins compatible for Editor in 7.17 ms, found 5 plugins.
Preloading 0 native plugins for Editor in 0.00 ms.
Unloading 3445 Unused Serialized files (Serialized files now loaded: 0)
Unloading 33 unused Assets / (1.4 MB). Loaded Objects now: 4043.
Memory consumption went from 144.6 MB to 143.3 MB.
Total: 5.696100 ms (FindLiveObjects: 0.438700 ms CreateObjectMapping: 0.494100 ms MarkObjects: 4.397500 ms  DeleteObjects: 0.363700 ms)

AssetImportParameters requested are different than current active one (requested -> active):
  custom:video-decoder-ogg-theora: a1e56fd34408186e4bbccfd4996cb3dc -> 
  custom:container-muxer-webm: aa71ff27fc2769a1b78a27578f13a17b -> 
  custom:container-demuxer-webm: 4f35f7cbe854078d1ac9338744f61a02 -> 
  custom:video-encoder-webm-vp8: eb34c28f22e8b96e1ab97ce403110664 -> 
  custom:video-codec-MediaFoundation-h265: 746d11721c4dcdbdad8f713fa42b33f4 -> 
  custom:audio-encoder-webm-vorbis: bf7c407c2cedff20999df2af8eb42d56 -> 
  custom:framework-win-MediaFoundation: 216162199b28c13a410421893ffa2e32 -> 
  custom:container-demuxer-ogg: 62fdf1f143b41e24485cea50d1cbac27 -> 
  custom:video-decoder-webm-vp8: 9c59270c3fd7afecdb556c50c9e8de78 -> 
  custom:audio-decoder-ogg-vorbis: bf7c407c2cedff20999df2af8eb42d56 -> 
========================================================================
Received Prepare
Registering precompiled user dll's ...
Registered in 0.009753 seconds.
Begin MonoManager ReloadAssembly
Symbol file LoadedFromMemory doesn't match image C:\Users\porat\OneDrive\Documents\Lital\repositories\ReturnToTheFuture\Library\PackageCache\com.unity.visualscripting@1.8.0\Editor\VisualScripting.Core\Dependencies\YamlDotNet\Unity.VisualScripting.YamlDotNet.dll
Symbol file LoadedFromMemory doesn't match image C:\Users\porat\OneDrive\Documents\Lital\repositories\ReturnToTheFuture\Library\PackageCache\com.unity.visualscripting@1.8.0\Editor\VisualScripting.Core\Dependencies\DotNetZip\Unity.VisualScripting.IonicZip.dll
Native extension for WindowsStandalone target not found
Refreshing native plugins compatible for Editor in 1.46 ms, found 5 plugins.
Preloading 0 native plugins for Editor in 0.00 ms.
Mono: successfully reloaded assembly
- Completed reload, in  2.927 seconds
Domain Reload Profiling:
	ReloadAssembly (2928ms)
		BeginReloadAssembly (250ms)
			ExecutionOrderSort (0ms)
			DisableScriptedObjects (7ms)
			BackupInstance (0ms)
			ReleaseScriptingObjects (0ms)
			CreateAndSetChildDomain (65ms)
		EndReloadAssembly (2429ms)
			LoadAssemblies (201ms)
			RebuildTransferFunctionScriptingTraits (0ms)
			SetupTypeCache (705ms)
			ReleaseScriptCaches (3ms)
			RebuildScriptCaches (155ms)
			SetupLoadedEditorAssemblies (1134ms)
				LogAssemblyErrors (0ms)
				InitializePlatformSupportModulesInManaged (21ms)
				SetLoadedEditorAssemblies (2ms)
				RefreshPlugins (2ms)
				BeforeProcessingInitializeOnLoad (227ms)
				ProcessInitializeOnLoadAttributes (793ms)
				ProcessInitializeOnLoadMethodAttributes (65ms)
				AfterProcessingInitializeOnLoad (24ms)
				EditorAssembliesLoaded (0ms)
			ExecutionOrderSort2 (0ms)
			AwakeInstancesAfterBackupRestoration (24ms)
Platform modules already initialized, skipping
Refreshing native plugins compatible for Editor in 6.94 ms, found 5 plugins.
Preloading 0 native plugins for Editor in 0.00 ms.
Unloading 3445 Unused Serialized files (Serialized files now loaded: 0)
Unloading 33 unused Assets / (1.4 MB). Loaded Objects now: 4058.
Memory consumption went from 144.6 MB to 143.3 MB.
Total: 7.225200 ms (FindLiveObjects: 0.817700 ms CreateObjectMapping: 0.411100 ms MarkObjects: 5.549300 ms  DeleteObjects: 0.445300 ms)

AssetImportParameters requested are different than current active one (requested -> active):
  custom:video-decoder-ogg-theora: a1e56fd34408186e4bbccfd4996cb3dc -> 
  custom:container-muxer-webm: aa71ff27fc2769a1b78a27578f13a17b -> 
  custom:container-demuxer-webm: 4f35f7cbe854078d1ac9338744f61a02 -> 
  custom:video-encoder-webm-vp8: eb34c28f22e8b96e1ab97ce403110664 -> 
  custom:video-codec-MediaFoundation-h265: 746d11721c4dcdbdad8f713fa42b33f4 -> 
  custom:audio-encoder-webm-vorbis: bf7c407c2cedff20999df2af8eb42d56 -> 
  custom:framework-win-MediaFoundation: 216162199b28c13a410421893ffa2e32 -> 
  custom:container-demuxer-ogg: 62fdf1f143b41e24485cea50d1cbac27 -> 
  custom:video-decoder-webm-vp8: 9c59270c3fd7afecdb556c50c9e8de78 -> 
  custom:audio-decoder-ogg-vorbis: bf7c407c2cedff20999df2af8eb42d56 -> 
========================================================================
Received Prepare
Registering precompiled user dll's ...
Registered in 0.007355 seconds.
Begin MonoManager ReloadAssembly
Symbol file LoadedFromMemory doesn't match image C:\Users\porat\OneDrive\Documents\Lital\repositories\ReturnToTheFuture\Library\PackageCache\com.unity.visualscripting@1.8.0\Editor\VisualScripting.Core\Dependencies\YamlDotNet\Unity.VisualScripting.YamlDotNet.dll
Symbol file LoadedFromMemory doesn't match image C:\Users\porat\OneDrive\Documents\Lital\repositories\ReturnToTheFuture\Library\PackageCache\com.unity.visualscripting@1.8.0\Editor\VisualScripting.Core\Dependencies\DotNetZip\Unity.VisualScripting.IonicZip.dll
Native extension for WindowsStandalone target not found
Refreshing native plugins compatible for Editor in 0.65 ms, found 5 plugins.
Preloading 0 native plugins for Editor in 0.00 ms.
Mono: successfully reloaded assembly
- Completed reload, in  1.482 seconds
Domain Reload Profiling:
	ReloadAssembly (1483ms)
		BeginReloadAssembly (252ms)
			ExecutionOrderSort (0ms)
			DisableScriptedObjects (8ms)
			BackupInstance (0ms)
			ReleaseScriptingObjects (0ms)
			CreateAndSetChildDomain (57ms)
		EndReloadAssembly (1078ms)
			LoadAssemblies (184ms)
			RebuildTransferFunctionScriptingTraits (0ms)
			SetupTypeCache (373ms)
			ReleaseScriptCaches (2ms)
			RebuildScriptCaches (67ms)
			SetupLoadedEditorAssemblies (468ms)
				LogAssemblyErrors (0ms)
				InitializePlatformSupportModulesInManaged (6ms)
				SetLoadedEditorAssemblies (1ms)
				RefreshPlugins (1ms)
				BeforeProcessingInitializeOnLoad (97ms)
				ProcessInitializeOnLoadAttributes (327ms)
				ProcessInitializeOnLoadMethodAttributes (27ms)
				AfterProcessingInitializeOnLoad (9ms)
				EditorAssembliesLoaded (0ms)
			ExecutionOrderSort2 (0ms)
			AwakeInstancesAfterBackupRestoration (8ms)
Platform modules already initialized, skipping
Refreshing native plugins compatible for Editor in 3.16 ms, found 5 plugins.
Preloading 0 native plugins for Editor in 0.00 ms.
Unloading 3445 Unused Serialized files (Serialized files now loaded: 0)
Unloading 33 unused Assets / (1.4 MB). Loaded Objects now: 4073.
Memory consumption went from 144.7 MB to 143.3 MB.
Total: 3.461100 ms (FindLiveObjects: 0.330900 ms CreateObjectMapping: 0.161700 ms MarkObjects: 2.628700 ms  DeleteObjects: 0.338200 ms)

AssetImportParameters requested are different than current active one (requested -> active):
  custom:video-decoder-ogg-theora: a1e56fd34408186e4bbccfd4996cb3dc -> 
  custom:container-muxer-webm: aa71ff27fc2769a1b78a27578f13a17b -> 
  custom:container-demuxer-webm: 4f35f7cbe854078d1ac9338744f61a02 -> 
  custom:video-encoder-webm-vp8: eb34c28f22e8b96e1ab97ce403110664 -> 
  custom:video-codec-MediaFoundation-h265: 746d11721c4dcdbdad8f713fa42b33f4 -> 
  custom:audio-encoder-webm-vorbis: bf7c407c2cedff20999df2af8eb42d56 -> 
  custom:framework-win-MediaFoundation: 216162199b28c13a410421893ffa2e32 -> 
  custom:container-demuxer-ogg: 62fdf1f143b41e24485cea50d1cbac27 -> 
  custom:video-decoder-webm-vp8: 9c59270c3fd7afecdb556c50c9e8de78 -> 
  custom:audio-decoder-ogg-vorbis: bf7c407c2cedff20999df2af8eb42d56 -> 
========================================================================
Received Prepare
Registering precompiled user dll's ...
Registered in 0.011827 seconds.
Begin MonoManager ReloadAssembly
Symbol file LoadedFromMemory doesn't match image C:\Users\porat\OneDrive\Documents\Lital\repositories\ReturnToTheFuture\Library\PackageCache\com.unity.visualscripting@1.8.0\Editor\VisualScripting.Core\Dependencies\YamlDotNet\Unity.VisualScripting.YamlDotNet.dll
Symbol file LoadedFromMemory doesn't match image C:\Users\porat\OneDrive\Documents\Lital\repositories\ReturnToTheFuture\Library\PackageCache\com.unity.visualscripting@1.8.0\Editor\VisualScripting.Core\Dependencies\DotNetZip\Unity.VisualScripting.IonicZip.dll
Native extension for WindowsStandalone target not found
Refreshing native plugins compatible for Editor in 1.73 ms, found 5 plugins.
Preloading 0 native plugins for Editor in 0.00 ms.
Mono: successfully reloaded assembly
- Completed reload, in  1.939 seconds
Domain Reload Profiling:
	ReloadAssembly (1941ms)
		BeginReloadAssembly (207ms)
			ExecutionOrderSort (0ms)
			DisableScriptedObjects (6ms)
			BackupInstance (0ms)
			ReleaseScriptingObjects (0ms)
			CreateAndSetChildDomain (49ms)
		EndReloadAssembly (1583ms)
			LoadAssemblies (146ms)
			RebuildTransferFunctionScriptingTraits (0ms)
			SetupTypeCache (530ms)
			ReleaseScriptCaches (2ms)
			RebuildScriptCaches (99ms)
			SetupLoadedEditorAssemblies (714ms)
				LogAssemblyErrors (0ms)
				InitializePlatformSupportModulesInManaged (11ms)
				SetLoadedEditorAssemblies (1ms)
				RefreshPlugins (2ms)
				BeforeProcessingInitializeOnLoad (133ms)
				ProcessInitializeOnLoadAttributes (511ms)
				ProcessInitializeOnLoadMethodAttributes (41ms)
				AfterProcessingInitializeOnLoad (14ms)
				EditorAssembliesLoaded (0ms)
			ExecutionOrderSort2 (0ms)
			AwakeInstancesAfterBackupRestoration (12ms)
Platform modules already initialized, skipping
Refreshing native plugins compatible for Editor in 7.31 ms, found 5 plugins.
Preloading 0 native plugins for Editor in 0.00 ms.
Unloading 3445 Unused Serialized files (Serialized files now loaded: 0)
Unloading 33 unused Assets / (1.4 MB). Loaded Objects now: 4088.
Memory consumption went from 144.7 MB to 143.3 MB.
Total: 6.100400 ms (FindLiveObjects: 0.311000 ms CreateObjectMapping: 0.172300 ms MarkObjects: 5.163400 ms  DeleteObjects: 0.451900 ms)

AssetImportParameters requested are different than current active one (requested -> active):
  custom:video-decoder-ogg-theora: a1e56fd34408186e4bbccfd4996cb3dc -> 
  custom:container-muxer-webm: aa71ff27fc2769a1b78a27578f13a17b -> 
  custom:container-demuxer-webm: 4f35f7cbe854078d1ac9338744f61a02 -> 
  custom:video-encoder-webm-vp8: eb34c28f22e8b96e1ab97ce403110664 -> 
  custom:video-codec-MediaFoundation-h265: 746d11721c4dcdbdad8f713fa42b33f4 -> 
  custom:audio-encoder-webm-vorbis: bf7c407c2cedff20999df2af8eb42d56 -> 
  custom:framework-win-MediaFoundation: 216162199b28c13a410421893ffa2e32 -> 
  custom:container-demuxer-ogg: 62fdf1f143b41e24485cea50d1cbac27 -> 
  custom:video-decoder-webm-vp8: 9c59270c3fd7afecdb556c50c9e8de78 -> 
  custom:audio-decoder-ogg-vorbis: bf7c407c2cedff20999df2af8eb42d56 -> 
========================================================================
Received Import Request.
  Time since last request: 1907.007437 seconds.
  path: Assets/ExplodeCube.prefab
  artifactKey: Guid(4a207e2fdc7c44641943f50e81e1d1ff) Importer(815301076,1909f56bfc062723c751e8b465ee728b)
Start importing Assets/ExplodeCube.prefab using Guid(4a207e2fdc7c44641943f50e81e1d1ff) Importer(815301076,1909f56bfc062723c751e8b465ee728b)  -> (artifact id: '997c21fcf06cd01c033f5e848345a5f7') in 0.098060 seconds 
========================================================================
Received Import Request.
  Time since last request: 14.566136 seconds.
  path: Assets/ExplodeCube.prefab
  artifactKey: Guid(4a207e2fdc7c44641943f50e81e1d1ff) Importer(815301076,1909f56bfc062723c751e8b465ee728b)
Start importing Assets/ExplodeCube.prefab using Guid(4a207e2fdc7c44641943f50e81e1d1ff) Importer(815301076,1909f56bfc062723c751e8b465ee728b)  -> (artifact id: 'fb275a4d696b722bbc10386a7d98e78e') in 0.021254 seconds 
========================================================================
Received Import Request.
  Time since last request: 4.774107 seconds.
  path: Assets/ExplodeCube.prefab
  artifactKey: Guid(4a207e2fdc7c44641943f50e81e1d1ff) Importer(815301076,1909f56bfc062723c751e8b465ee728b)
Start importing Assets/ExplodeCube.prefab using Guid(4a207e2fdc7c44641943f50e81e1d1ff) Importer(815301076,1909f56bfc062723c751e8b465ee728b)  -> (artifact id: '47da6779ea96c63083ebd55c2af25be1') in 0.014554 seconds 
========================================================================
Received Import Request.
  Time since last request: 6.277041 seconds.
  path: Assets/ExplodeCube.prefab
  artifactKey: Guid(4a207e2fdc7c44641943f50e81e1d1ff) Importer(815301076,1909f56bfc062723c751e8b465ee728b)
Start importing Assets/ExplodeCube.prefab using Guid(4a207e2fdc7c44641943f50e81e1d1ff) Importer(815301076,1909f56bfc062723c751e8b465ee728b)  -> (artifact id: 'bf0c506b7e5f2f6bc28e7e8d73eb91bb') in 0.017268 seconds 
========================================================================
Received Import Request.
  Time since last request: 18.544490 seconds.
  path: Assets/ExplodeCube.prefab
  artifactKey: Guid(4a207e2fdc7c44641943f50e81e1d1ff) Importer(815301076,1909f56bfc062723c751e8b465ee728b)
Start importing Assets/ExplodeCube.prefab using Guid(4a207e2fdc7c44641943f50e81e1d1ff) Importer(815301076,1909f56bfc062723c751e8b465ee728b)  -> (artifact id: '30f780fc9618e746a29aac5c04f6a787') in 0.028586 seconds 
========================================================================
Received Import Request.
  Time since last request: 6.863641 seconds.
  path: Assets/ExplodeCube.prefab
  artifactKey: Guid(4a207e2fdc7c44641943f50e81e1d1ff) Importer(815301076,1909f56bfc062723c751e8b465ee728b)
Start importing Assets/ExplodeCube.prefab using Guid(4a207e2fdc7c44641943f50e81e1d1ff) Importer(815301076,1909f56bfc062723c751e8b465ee728b)  -> (artifact id: 'd5029b2133c458c9562fec8d6845a97a') in 0.022402 seconds 
========================================================================
Received Import Request.
  Time since last request: 3.405204 seconds.
  path: Assets/ExplodeCube.prefab
  artifactKey: Guid(4a207e2fdc7c44641943f50e81e1d1ff) Importer(815301076,1909f56bfc062723c751e8b465ee728b)
Start importing Assets/ExplodeCube.prefab using Guid(4a207e2fdc7c44641943f50e81e1d1ff) Importer(815301076,1909f56bfc062723c751e8b465ee728b)  -> (artifact id: 'b5a00bc73717d6c8113f45988fb44e45') in 0.019622 seconds 
========================================================================
Received Import Request.
  Time since last request: 3.471402 seconds.
  path: Assets/ExplodeCube.prefab
  artifactKey: Guid(4a207e2fdc7c44641943f50e81e1d1ff) Importer(815301076,1909f56bfc062723c751e8b465ee728b)
Start importing Assets/ExplodeCube.prefab using Guid(4a207e2fdc7c44641943f50e81e1d1ff) Importer(815301076,1909f56bfc062723c751e8b465ee728b)  -> (artifact id: '9167da047bc819a5d0ad0a7c9d75a4e3') in 0.023054 seconds 
========================================================================
Received Import Request.
  Time since last request: 3.397950 seconds.
  path: Assets/ExplodeCube.prefab
  artifactKey: Guid(4a207e2fdc7c44641943f50e81e1d1ff) Importer(815301076,1909f56bfc062723c751e8b465ee728b)
Start importing Assets/ExplodeCube.prefab using Guid(4a207e2fdc7c44641943f50e81e1d1ff) Importer(815301076,1909f56bfc062723c751e8b465ee728b)  -> (artifact id: '7970ae4960f19f8b2dade06f13536777') in 0.022623 seconds 
========================================================================
Received Import Request.
  Time since last request: 7.569651 seconds.
  path: Assets/ExplodeCube.prefab
  artifactKey: Guid(4a207e2fdc7c44641943f50e81e1d1ff) Importer(815301076,1909f56bfc062723c751e8b465ee728b)
Start importing Assets/ExplodeCube.prefab using Guid(4a207e2fdc7c44641943f50e81e1d1ff) Importer(815301076,1909f56bfc062723c751e8b465ee728b)  -> (artifact id: 'e2b22af0bf65a9444511a172d7d127df') in 0.025299 seconds 
========================================================================
Received Import Request.
  Time since last request: 1.576927 seconds.
  path: Assets/ExplodeCube.prefab
  artifactKey: Guid(4a207e2fdc7c44641943f50e81e1d1ff) Importer(815301076,1909f56bfc062723c751e8b465ee728b)
Start importing Assets/ExplodeCube.prefab using Guid(4a207e2fdc7c44641943f50e81e1d1ff) Importer(815301076,1909f56bfc062723c751e8b465ee728b)  -> (artifact id: '2260f5aadbf5d5b5c72962e7e1c190ee') in 0.024824 seconds 
========================================================================
Received Import Request.
  Time since last request: 2.845041 seconds.
  path: Assets/ExplodeCube.prefab
  artifactKey: Guid(4a207e2fdc7c44641943f50e81e1d1ff) Importer(815301076,1909f56bfc062723c751e8b465ee728b)
Start importing Assets/ExplodeCube.prefab using Guid(4a207e2fdc7c44641943f50e81e1d1ff) Importer(815301076,1909f56bfc062723c751e8b465ee728b)  -> (artifact id: 'c69d47661f15c377635757f57802542f') in 0.029465 seconds 
========================================================================
Received Import Request.
  Time since last request: 3.565730 seconds.
  path: Assets/ExplodeCube.prefab
  artifactKey: Guid(4a207e2fdc7c44641943f50e81e1d1ff) Importer(815301076,1909f56bfc062723c751e8b465ee728b)
Start importing Assets/ExplodeCube.prefab using Guid(4a207e2fdc7c44641943f50e81e1d1ff) Importer(815301076,1909f56bfc062723c751e8b465ee728b)  -> (artifact id: '3216a69a81fd9e32720ff42aa4ecc9b3') in 0.028389 seconds 
========================================================================
Received Import Request.
  Time since last request: 8.373296 seconds.
  path: Assets/ExplodeCube.prefab
  artifactKey: Guid(4a207e2fdc7c44641943f50e81e1d1ff) Importer(815301076,1909f56bfc062723c751e8b465ee728b)
Start importing Assets/ExplodeCube.prefab using Guid(4a207e2fdc7c44641943f50e81e1d1ff) Importer(815301076,1909f56bfc062723c751e8b465ee728b)  -> (artifact id: 'b5d7dbcee800a6b0ca1d60bbc1745792') in 0.023579 seconds 
========================================================================
Received Import Request.
  Time since last request: 3.006856 seconds.
  path: Assets/ExplodeCube.prefab
  artifactKey: Guid(4a207e2fdc7c44641943f50e81e1d1ff) Importer(815301076,1909f56bfc062723c751e8b465ee728b)
Start importing Assets/ExplodeCube.prefab using Guid(4a207e2fdc7c44641943f50e81e1d1ff) Importer(815301076,1909f56bfc062723c751e8b465ee728b)  -> (artifact id: '76c20badb0515e15c364caccfb79a49d') in 0.019774 seconds 
========================================================================
Received Import Request.
  Time since last request: 5.514067 seconds.
  path: Assets/ExplodeCube.prefab
  artifactKey: Guid(4a207e2fdc7c44641943f50e81e1d1ff) Importer(815301076,1909f56bfc062723c751e8b465ee728b)
Start importing Assets/ExplodeCube.prefab using Guid(4a207e2fdc7c44641943f50e81e1d1ff) Importer(815301076,1909f56bfc062723c751e8b465ee728b)  -> (artifact id: 'b372280cef57350a7d109fffc9d9bab6') in 0.017321 seconds 
========================================================================
Received Import Request.
  Time since last request: 5.435138 seconds.
  path: Assets/ExplodeCube.prefab
  artifactKey: Guid(4a207e2fdc7c44641943f50e81e1d1ff) Importer(815301076,1909f56bfc062723c751e8b465ee728b)
Start importing Assets/ExplodeCube.prefab using Guid(4a207e2fdc7c44641943f50e81e1d1ff) Importer(815301076,1909f56bfc062723c751e8b465ee728b)  -> (artifact id: 'f7510b1cb891fecaad25c21b359ebef7') in 0.020576 seconds 
========================================================================
Received Import Request.
  Time since last request: 5.478502 seconds.
  path: Assets/ExplodeCube.prefab
  artifactKey: Guid(4a207e2fdc7c44641943f50e81e1d1ff) Importer(815301076,1909f56bfc062723c751e8b465ee728b)
Start importing Assets/ExplodeCube.prefab using Guid(4a207e2fdc7c44641943f50e81e1d1ff) Importer(815301076,1909f56bfc062723c751e8b465ee728b)  -> (artifact id: 'a532375712f5729f6a93a95af2a81b8e') in 0.025892 seconds 
========================================================================
Received Import Request.
  Time since last request: 2.963031 seconds.
  path: Assets/ExplodeCube.prefab
  artifactKey: Guid(4a207e2fdc7c44641943f50e81e1d1ff) Importer(815301076,1909f56bfc062723c751e8b465ee728b)
Start importing Assets/ExplodeCube.prefab using Guid(4a207e2fdc7c44641943f50e81e1d1ff) Importer(815301076,1909f56bfc062723c751e8b465ee728b)  -> (artifact id: 'dd6bda86afcda516a0698b35868347f6') in 0.018337 seconds 
========================================================================
Received Import Request.
  Time since last request: 6.987088 seconds.
  path: Assets/ExplodeCube.prefab
  artifactKey: Guid(4a207e2fdc7c44641943f50e81e1d1ff) Importer(815301076,1909f56bfc062723c751e8b465ee728b)
Start importing Assets/ExplodeCube.prefab using Guid(4a207e2fdc7c44641943f50e81e1d1ff) Importer(815301076,1909f56bfc062723c751e8b465ee728b)  -> (artifact id: '79b4bced101c74e8c4b87efa979cd6df') in 0.016583 seconds 
========================================================================
Received Import Request.
  Time since last request: 3.606900 seconds.
  path: Assets/ExplodeCube.prefab
  artifactKey: Guid(4a207e2fdc7c44641943f50e81e1d1ff) Importer(815301076,1909f56bfc062723c751e8b465ee728b)
Start importing Assets/ExplodeCube.prefab using Guid(4a207e2fdc7c44641943f50e81e1d1ff) Importer(815301076,1909f56bfc062723c751e8b465ee728b)  -> (artifact id: '7c20a5a4ac3f5dedb67d7fb9921ecb77') in 0.024516 seconds 
========================================================================
Received Import Request.
  Time since last request: 9.198034 seconds.
  path: Assets/ExplodeCube.prefab
  artifactKey: Guid(4a207e2fdc7c44641943f50e81e1d1ff) Importer(815301076,1909f56bfc062723c751e8b465ee728b)
Start importing Assets/ExplodeCube.prefab using Guid(4a207e2fdc7c44641943f50e81e1d1ff) Importer(815301076,1909f56bfc062723c751e8b465ee728b)  -> (artifact id: 'c37a8a44520f033afee18404af56fa60') in 0.021037 seconds 
========================================================================
Received Prepare
Registering precompiled user dll's ...
Registered in 0.007608 seconds.
Begin MonoManager ReloadAssembly
Symbol file LoadedFromMemory doesn't match image C:\Users\porat\OneDrive\Documents\Lital\repositories\ReturnToTheFuture\Library\PackageCache\com.unity.visualscripting@1.8.0\Editor\VisualScripting.Core\Dependencies\YamlDotNet\Unity.VisualScripting.YamlDotNet.dll
Symbol file LoadedFromMemory doesn't match image C:\Users\porat\OneDrive\Documents\Lital\repositories\ReturnToTheFuture\Library\PackageCache\com.unity.visualscripting@1.8.0\Editor\VisualScripting.Core\Dependencies\DotNetZip\Unity.VisualScripting.IonicZip.dll
Native extension for WindowsStandalone target not found
Refreshing native plugins compatible for Editor in 1.30 ms, found 5 plugins.
Preloading 0 native plugins for Editor in 0.00 ms.
Mono: successfully reloaded assembly
- Completed reload, in  2.007 seconds
Domain Reload Profiling:
	ReloadAssembly (2009ms)
		BeginReloadAssembly (216ms)
			ExecutionOrderSort (0ms)
			DisableScriptedObjects (4ms)
			BackupInstance (0ms)
			ReleaseScriptingObjects (0ms)
			CreateAndSetChildDomain (66ms)
		EndReloadAssembly (1640ms)
			LoadAssemblies (163ms)
			RebuildTransferFunctionScriptingTraits (0ms)
			SetupTypeCache (544ms)
			ReleaseScriptCaches (3ms)
			RebuildScriptCaches (100ms)
			SetupLoadedEditorAssemblies (734ms)
				LogAssemblyErrors (0ms)
				InitializePlatformSupportModulesInManaged (9ms)
				SetLoadedEditorAssemblies (1ms)
				RefreshPlugins (1ms)
				BeforeProcessingInitializeOnLoad (140ms)
				ProcessInitializeOnLoadAttributes (520ms)
				ProcessInitializeOnLoadMethodAttributes (49ms)
				AfterProcessingInitializeOnLoad (13ms)
				EditorAssembliesLoaded (1ms)
			ExecutionOrderSort2 (0ms)
			AwakeInstancesAfterBackupRestoration (17ms)
Platform modules already initialized, skipping
Refreshing native plugins compatible for Editor in 3.60 ms, found 5 plugins.
Preloading 0 native plugins for Editor in 0.00 ms.
Unloading 3445 Unused Serialized files (Serialized files now loaded: 0)
Unloading 33 unused Assets / (1.4 MB). Loaded Objects now: 4103.
Memory consumption went from 144.9 MB to 143.5 MB.
Total: 4.683500 ms (FindLiveObjects: 0.322600 ms CreateObjectMapping: 0.394300 ms MarkObjects: 3.587200 ms  DeleteObjects: 0.377600 ms)

AssetImportParameters requested are different than current active one (requested -> active):
  custom:video-decoder-ogg-theora: a1e56fd34408186e4bbccfd4996cb3dc -> 
  custom:container-muxer-webm: aa71ff27fc2769a1b78a27578f13a17b -> 
  custom:container-demuxer-webm: 4f35f7cbe854078d1ac9338744f61a02 -> 
  custom:video-encoder-webm-vp8: eb34c28f22e8b96e1ab97ce403110664 -> 
  custom:video-codec-MediaFoundation-h265: 746d11721c4dcdbdad8f713fa42b33f4 -> 
  custom:audio-encoder-webm-vorbis: bf7c407c2cedff20999df2af8eb42d56 -> 
  custom:framework-win-MediaFoundation: 216162199b28c13a410421893ffa2e32 -> 
  custom:container-demuxer-ogg: 62fdf1f143b41e24485cea50d1cbac27 -> 
  custom:video-decoder-webm-vp8: 9c59270c3fd7afecdb556c50c9e8de78 -> 
  custom:audio-decoder-ogg-vorbis: bf7c407c2cedff20999df2af8eb42d56 -> 
