Using pre-set license
Built from '2021.3/staging' branch; Version is '2021.3.21f1 (1b156197d683) revision 1774945'; Using compiler version '192829333'; Build Type 'Release'
OS: 'Windows 11  (10.0.22621) 64bit Core' Language: 'en' Physical Memory: 16151 MB
BatchMode: 1, IsHumanControllingUs: 0, StartBugReporterOnCrash: 0, Is64bit: 1, IsPro: 1

COMMAND LINE ARGUMENTS:
C:\Program Files\Unity 2021.3.21f1\Editor\Unity.exe
-adb2
-batchMode
-noUpm
-name
AssetImportWorker0
-projectPath
C:/Users/porat/OneDrive/Documents/Lital/repositories/ReturnToTheFuture
-logFile
Logs/AssetImportWorker0.log
-srvPort
57245
Successfully changed project path to: C:/Users/porat/OneDrive/Documents/Lital/repositories/ReturnToTheFuture
C:/Users/porat/OneDrive/Documents/Lital/repositories/ReturnToTheFuture
[UnityMemory] Configuration Parameters - Can be set up in boot.config
    "memorysetup-bucket-allocator-granularity=16"
    "memorysetup-bucket-allocator-bucket-count=8"
    "memorysetup-bucket-allocator-block-size=33554432"
    "memorysetup-bucket-allocator-block-count=8"
    "memorysetup-main-allocator-block-size=16777216"
    "memorysetup-thread-allocator-block-size=16777216"
    "memorysetup-gfx-main-allocator-block-size=16777216"
    "memorysetup-gfx-thread-allocator-block-size=16777216"
    "memorysetup-cache-allocator-block-size=4194304"
    "memorysetup-typetree-allocator-block-size=2097152"
    "memorysetup-profiler-bucket-allocator-granularity=16"
    "memorysetup-profiler-bucket-allocator-bucket-count=8"
    "memorysetup-profiler-bucket-allocator-block-size=33554432"
    "memorysetup-profiler-bucket-allocator-block-count=8"
    "memorysetup-profiler-allocator-block-size=16777216"
    "memorysetup-profiler-editor-allocator-block-size=1048576"
    "memorysetup-temp-allocator-size-main=16777216"
    "memorysetup-job-temp-allocator-block-size=2097152"
    "memorysetup-job-temp-allocator-block-size-background=1048576"
    "memorysetup-job-temp-allocator-reduction-small-platforms=262144"
    "memorysetup-temp-allocator-size-background-worker=32768"
    "memorysetup-temp-allocator-size-job-worker=262144"
    "memorysetup-temp-allocator-size-preload-manager=33554432"
    "memorysetup-temp-allocator-size-nav-mesh-worker=65536"
    "memorysetup-temp-allocator-size-audio-worker=65536"
    "memorysetup-temp-allocator-size-cloud-worker=32768"
    "memorysetup-temp-allocator-size-gi-baking-worker=262144"
    "memorysetup-temp-allocator-size-gfx=262144"
Player connection [54804] Host "[IP] 10.0.0.3 [Port] 0 [Flags] 2 [Guid] 2644517178 [EditorId] 2644517178 [Version] 1048832 [Id] WindowsEditor(7,DESKTOP-UTMU51B) [Debug] 1 [PackageName] WindowsEditor [ProjectName] Editor" joined multi-casting on [225.0.0.222:54997]...

Player connection [54804] Host "[IP] 10.0.0.3 [Port] 0 [Flags] 2 [Guid] 2644517178 [EditorId] 2644517178 [Version] 1048832 [Id] WindowsEditor(7,DESKTOP-UTMU51B) [Debug] 1 [PackageName] WindowsEditor [ProjectName] Editor" joined alternative multi-casting on [225.0.0.222:34997]...

Refreshing native plugins compatible for Editor in 172.60 ms, found 5 plugins.
Preloading 0 native plugins for Editor in 0.00 ms.
Initialize engine version: 2021.3.21f1 (1b156197d683)
[Subsystems] Discovering subsystems at path C:/Program Files/Unity 2021.3.21f1/Editor/Data/Resources/UnitySubsystems
[Subsystems] Discovering subsystems at path C:/Users/porat/OneDrive/Documents/Lital/repositories/ReturnToTheFuture/Assets
GfxDevice: creating device client; threaded=0; jobified=0
Direct3D:
    Version:  Direct3D 11.0 [level 11.1]
    Renderer: Intel(R) Iris(R) Plus Graphics (ID=0x8a52)
    Vendor:   Intel
    VRAM:     8075 MB
    Driver:   27.20.100.9664
Initialize mono
Mono path[0] = 'C:/Program Files/Unity 2021.3.21f1/Editor/Data/Managed'
Mono path[1] = 'C:/Program Files/Unity 2021.3.21f1/Editor/Data/MonoBleedingEdge/lib/mono/unityjit-win32'
Mono config path = 'C:/Program Files/Unity 2021.3.21f1/Editor/Data/MonoBleedingEdge/etc'
Using monoOptions --debugger-agent=transport=dt_socket,embedding=1,server=y,suspend=n,address=127.0.0.1:56024
Begin MonoManager ReloadAssembly
Registering precompiled unity dll's ...
Register platform support module: C:/Program Files/Unity 2021.3.21f1/Editor/Data/PlaybackEngines/WindowsStandaloneSupport/UnityEditor.WindowsStandalone.Extensions.dll
Registered in 0.008713 seconds.
Native extension for WindowsStandalone target not found
Refreshing native plugins compatible for Editor in 169.68 ms, found 5 plugins.
Preloading 0 native plugins for Editor in 0.00 ms.
Mono: successfully reloaded assembly
- Completed reload, in  1.367 seconds
Domain Reload Profiling:
	ReloadAssembly (1368ms)
		BeginReloadAssembly (243ms)
			ExecutionOrderSort (0ms)
			DisableScriptedObjects (0ms)
			BackupInstance (0ms)
			ReleaseScriptingObjects (0ms)
			CreateAndSetChildDomain (1ms)
		EndReloadAssembly (853ms)
			LoadAssemblies (242ms)
			RebuildTransferFunctionScriptingTraits (0ms)
			SetupTypeCache (190ms)
			ReleaseScriptCaches (0ms)
			RebuildScriptCaches (102ms)
			SetupLoadedEditorAssemblies (470ms)
				LogAssemblyErrors (0ms)
				InitializePlatformSupportModulesInManaged (14ms)
				SetLoadedEditorAssemblies (0ms)
				RefreshPlugins (170ms)
				BeforeProcessingInitializeOnLoad (2ms)
				ProcessInitializeOnLoadAttributes (215ms)
				ProcessInitializeOnLoadMethodAttributes (69ms)
				AfterProcessingInitializeOnLoad (0ms)
				EditorAssembliesLoaded (0ms)
			ExecutionOrderSort2 (0ms)
			AwakeInstancesAfterBackupRestoration (0ms)
Platform modules already initialized, skipping
Registering precompiled user dll's ...
Registered in 0.011026 seconds.
Begin MonoManager ReloadAssembly
Symbol file LoadedFromMemory doesn't match image C:\Users\porat\OneDrive\Documents\Lital\repositories\ReturnToTheFuture\Library\PackageCache\com.unity.visualscripting@1.8.0\Editor\VisualScripting.Core\Dependencies\YamlDotNet\Unity.VisualScripting.YamlDotNet.dll
Symbol file LoadedFromMemory doesn't match image C:\Users\porat\OneDrive\Documents\Lital\repositories\ReturnToTheFuture\Library\PackageCache\com.unity.visualscripting@1.8.0\Editor\VisualScripting.Core\Dependencies\DotNetZip\Unity.VisualScripting.IonicZip.dll
Native extension for WindowsStandalone target not found
Refreshing native plugins compatible for Editor in 1.35 ms, found 5 plugins.
Preloading 0 native plugins for Editor in 0.00 ms.
Mono: successfully reloaded assembly
- Completed reload, in  1.860 seconds
Domain Reload Profiling:
	ReloadAssembly (1861ms)
		BeginReloadAssembly (312ms)
			ExecutionOrderSort (0ms)
			DisableScriptedObjects (9ms)
			BackupInstance (0ms)
			ReleaseScriptingObjects (0ms)
			CreateAndSetChildDomain (36ms)
		EndReloadAssembly (1375ms)
			LoadAssemblies (159ms)
			RebuildTransferFunctionScriptingTraits (0ms)
			SetupTypeCache (460ms)
			ReleaseScriptCaches (1ms)
			RebuildScriptCaches (90ms)
			SetupLoadedEditorAssemblies (629ms)
				LogAssemblyErrors (0ms)
				InitializePlatformSupportModulesInManaged (7ms)
				SetLoadedEditorAssemblies (1ms)
				RefreshPlugins (1ms)
				BeforeProcessingInitializeOnLoad (158ms)
				ProcessInitializeOnLoadAttributes (425ms)
				ProcessInitializeOnLoadMethodAttributes (27ms)
				AfterProcessingInitializeOnLoad (9ms)
				EditorAssembliesLoaded (0ms)
			ExecutionOrderSort2 (0ms)
			AwakeInstancesAfterBackupRestoration (11ms)
Platform modules already initialized, skipping
========================================================================
Worker process is ready to serve import requests
Launched and connected shader compiler UnityShaderCompiler.exe after 0.10 seconds
Refreshing native plugins compatible for Editor in 1.71 ms, found 5 plugins.
Preloading 0 native plugins for Editor in 0.00 ms.
Unloading 4001 Unused Serialized files (Serialized files now loaded: 0)
Unloading 55 unused Assets / (1.8 MB). Loaded Objects now: 4482.
Memory consumption went from 179.2 MB to 177.4 MB.
Total: 5.954200 ms (FindLiveObjects: 0.410100 ms CreateObjectMapping: 0.235200 ms MarkObjects: 4.523500 ms  DeleteObjects: 0.784100 ms)

AssetImportParameters requested are different than current active one (requested -> active):
  custom:video-decoder-ogg-theora: a1e56fd34408186e4bbccfd4996cb3dc -> 
  custom:container-muxer-webm: aa71ff27fc2769a1b78a27578f13a17b -> 
  custom:container-demuxer-webm: 4f35f7cbe854078d1ac9338744f61a02 -> 
  custom:video-encoder-webm-vp8: eb34c28f22e8b96e1ab97ce403110664 -> 
  custom:video-codec-MediaFoundation-h265: 746d11721c4dcdbdad8f713fa42b33f4 -> 
  custom:audio-encoder-webm-vorbis: bf7c407c2cedff20999df2af8eb42d56 -> 
  custom:framework-win-MediaFoundation: 216162199b28c13a410421893ffa2e32 -> 
  custom:container-demuxer-ogg: 62fdf1f143b41e24485cea50d1cbac27 -> 
  custom:video-decoder-webm-vp8: 9c59270c3fd7afecdb556c50c9e8de78 -> 
  custom:audio-decoder-ogg-vorbis: bf7c407c2cedff20999df2af8eb42d56 -> 
========================================================================
Received Import Request.
  Time since last request: 1197716.527482 seconds.
  path: Assets/floor.jpg
  artifactKey: Guid(faff3fe66807461419b7351b2e0b9fa3) Importer(815301076,1909f56bfc062723c751e8b465ee728b)
Start importing Assets/floor.jpg using Guid(faff3fe66807461419b7351b2e0b9fa3) Importer(815301076,1909f56bfc062723c751e8b465ee728b)  -> (artifact id: '2e81d31fba343f4b73a9f24a778f6f49') in 0.113076 seconds 
========================================================================
Received Import Request.
  Time since last request: 0.000083 seconds.
  path: Assets/NewLayer 2.terrainlayer
  artifactKey: Guid(05f0d9b1d2b9d6e4dad03441b25fbda6) Importer(815301076,1909f56bfc062723c751e8b465ee728b)
Start importing Assets/NewLayer 2.terrainlayer using Guid(05f0d9b1d2b9d6e4dad03441b25fbda6) Importer(815301076,1909f56bfc062723c751e8b465ee728b)  -> (artifact id: 'ff7bb5f7121ac92a77d7ad33638c6c8b') in 0.118576 seconds 
========================================================================
Received Import Request.
  Time since last request: 0.000044 seconds.
  path: Assets/TerrainData_94fa533b-4728-4d7d-bd17-2f72118932ec.asset
  artifactKey: Guid(7bb8677215ffd8e43acfba4d732730fa) Importer(815301076,1909f56bfc062723c751e8b465ee728b)
Start importing Assets/TerrainData_94fa533b-4728-4d7d-bd17-2f72118932ec.asset using Guid(7bb8677215ffd8e43acfba4d732730fa) Importer(815301076,1909f56bfc062723c751e8b465ee728b)  -> (artifact id: '66f38626b213bbb8529891e9b7387e3f') in 0.064513 seconds 
========================================================================
Received Import Request.
  Time since last request: 0.000057 seconds.
  path: Assets/TerrainData_c6516d7e-d1b5-4b89-a121-88960541e077.asset
  artifactKey: Guid(9c5755a3c2c4ddb448d9c4ca3b14206e) Importer(815301076,1909f56bfc062723c751e8b465ee728b)
Start importing Assets/TerrainData_c6516d7e-d1b5-4b89-a121-88960541e077.asset using Guid(9c5755a3c2c4ddb448d9c4ca3b14206e) Importer(815301076,1909f56bfc062723c751e8b465ee728b)  -> (artifact id: 'c0b9876f3be27ddfa96e21911da69063') in 0.045344 seconds 
========================================================================
Received Import Request.
  Time since last request: 0.000045 seconds.
  path: Assets/TerrainData_e6d79852-b232-4a0f-a812-261ae0334bce.asset
  artifactKey: Guid(b419bb88ac75e6e4c832da983d29a89d) Importer(815301076,1909f56bfc062723c751e8b465ee728b)
Start importing Assets/TerrainData_e6d79852-b232-4a0f-a812-261ae0334bce.asset using Guid(b419bb88ac75e6e4c832da983d29a89d) Importer(815301076,1909f56bfc062723c751e8b465ee728b)  -> (artifact id: '57d15b6b24155ef9e2566e6dabf481a6') in 0.047381 seconds 
========================================================================
Received Import Request.
  Time since last request: 0.000102 seconds.
  path: Assets/fms .prefab
  artifactKey: Guid(079404cd54db3734ba463636cfab1ebc) Importer(815301076,1909f56bfc062723c751e8b465ee728b)
Start importing Assets/fms .prefab using Guid(079404cd54db3734ba463636cfab1ebc) Importer(815301076,1909f56bfc062723c751e8b465ee728b)  -> (artifact id: '6db5f9688cfb26f8f2ea7819700a526e') in 0.335662 seconds 
========================================================================
Received Import Request.
  Time since last request: 17.397092 seconds.
  path: Assets/ReadMePics
  artifactKey: Guid(9c241c43a270c4d4295dd8e48be25d1a) Importer(815301076,1909f56bfc062723c751e8b465ee728b)
Start importing Assets/ReadMePics using Guid(9c241c43a270c4d4295dd8e48be25d1a) Importer(815301076,1909f56bfc062723c751e8b465ee728b)  -> (artifact id: '6d77ea3061c1f7fa43167fbd020d4669') in 0.018410 seconds 
========================================================================
Received Import Request.
  Time since last request: 604.193619 seconds.
  path: Assets/ReadMePics/Enemypng.png
  artifactKey: Guid(7715f8f3bcffa7a458a8775d1b1190a5) Importer(815301076,1909f56bfc062723c751e8b465ee728b)
Start importing Assets/ReadMePics/Enemypng.png using Guid(7715f8f3bcffa7a458a8775d1b1190a5) Importer(815301076,1909f56bfc062723c751e8b465ee728b)  -> (artifact id: 'af3d7ddd0695e1d376aa536b14044e3c') in 0.028547 seconds 
========================================================================
Received Import Request.
  Time since last request: 0.000026 seconds.
  path: Assets/ReadMePics/secondScene.png
  artifactKey: Guid(83ec51b10794f834aafe53323cf71719) Importer(815301076,1909f56bfc062723c751e8b465ee728b)
Start importing Assets/ReadMePics/secondScene.png using Guid(83ec51b10794f834aafe53323cf71719) Importer(815301076,1909f56bfc062723c751e8b465ee728b)  -> (artifact id: 'ea80f550dc63c099ffc80475032350a0') in 0.043458 seconds 
========================================================================
Received Import Request.
  Time since last request: 0.000049 seconds.
  path: Assets/ReadMePics/Jammo.png
  artifactKey: Guid(ac014d7fca05a54458a7875aa260a2e1) Importer(815301076,1909f56bfc062723c751e8b465ee728b)
Start importing Assets/ReadMePics/Jammo.png using Guid(ac014d7fca05a54458a7875aa260a2e1) Importer(815301076,1909f56bfc062723c751e8b465ee728b)  -> (artifact id: '1a52c92a8ba253a1dcd3c7c9074eea0e') in 0.038691 seconds 
